number,value,datetime_start,datetime_complete,duration,params_colsample_bytree,params_learning_rate,params_max_depth,params_min_child_samples,params_n_estimators,params_num_leaves,params_reg_alpha,params_reg_lambda,params_subsample,user_attrs_mean_fit_time,user_attrs_mean_score_time,user_attrs_mean_test_score,user_attrs_split0_test_score,user_attrs_split1_test_score,user_attrs_split2_test_score,user_attrs_split3_test_score,user_attrs_split4_test_score,user_attrs_std_fit_time,user_attrs_std_score_time,user_attrs_std_test_score,system_attrs_terminator:cv_scores,system_attrs_tpe:relative_params:0,state
0,0.758933334036277,2026-09-20 02:29:10.319578,2026-09-20 02:29:13.859051,0 days 00:00:03.539473,0.6062131369961112,0.25978666071143064,6,51,164,31,0.003164029426393973,0.00506856740535218,0.6491308156825654,0.6623863220214844,0.04293241500854492,0.758933334036277,0.7541789662554322,0.7641597692967574,0.7537202386450875,0.7580822518335784,0.7645254441505295,0.020935263970060337,0.003310020411350683,0.004671017844770969,"[0.7541789662554322, 0.7641597692967574, 0.7537202386450875, 0.7580822518335784, 0.7645254441505295]",,COMPLETE
1,0.7727436466743354,2026-09-20 02:29:13.859051,2026-09-20 02:29:16.494430,0 days 00:00:02.635379,0.7363685680681982,0.03917919326904925,8,27,129,255,0.3723092189113378,7.851829133079064,0.6946266061726358,0.49355568885803225,0.0295560359954834,0.7727436466743354,0.7705988563548172,0.7743041824371658,0.7758007791239889,0.7687605949138867,0.7742538205418186,0.013408166080104525,0.0009756456015806614,0.002627804506919754,"[0.7705988563548172, 0.7743041824371658, 0.7758007791239889, 0.7687605949138867, 0.7742538205418186]",,COMPLETE
2,0.7558331700571679,2026-09-20 02:29:16.494874,2026-09-20 02:29:23.851695,0 days 00:00:07.356821,0.7276827600020671,0.4150163326629894,12,89,165,125,0.2665790459761077,2.047839031828718,0.5454212679686992,1.3956393718719482,0.07260169982910156,0.7558331700571679,0.7491414372865094,0.7631730923130551,0.7553901493588927,0.7538461558077324,0.7576150155196498,0.03517300051571378,0.003695052972232602,0.004603763947360905,"[0.7491414372865094, 0.7631730923130551, 0.7553901493588927, 0.7538461558077324, 0.7576150155196498]",,COMPLETE
3,0.7705364870790828,2026-09-20 02:29:23.852200,2026-09-20 02:29:27.480668,0 days 00:00:03.628468,0.6900997854043692,0.014792607053334782,7,56,181,183,0.1865058815997743,0.0013071668405063431,0.6071311735075093,0.6801690101623535,0.04333705902099609,0.7705364870790828,0.7651436623500851,0.7691583016692185,0.7746881646597429,0.7681055099153924,0.7755867968009752,0.011755903700712892,0.0020146337904142844,0.003990830955398445,"[0.7651436623500851, 0.7691583016692185, 0.7746881646597429, 0.7681055099153924, 0.7755867968009752]",,COMPLETE
4,0.7601779030231585,2026-09-20 02:29:27.481044,2026-09-20 02:29:31.778515,0 days 00:00:04.297471,0.9538515411813806,0.2978573945072386,5,29,234,129,0.5299102290634586,0.003601171085983087,0.8155176265654687,0.7984755516052247,0.055982351303100586,0.7601779030231585,0.7554172628502073,0.7603942884205601,0.7551649422455423,0.760909324618598,0.7690036969808844,0.026775039137330727,0.0022144145743124366,0.005025334014549699,"[0.7554172628502073, 0.7603942884205601, 0.7551649422455423, 0.760909324618598, 0.7690036969808844]",,COMPLETE
5,0.7631098928180814,2026-09-20 02:29:31.778515,2026-09-20 02:29:37.877167,0 days 00:00:06.098652,0.7275227446059738,0.06563797714611129,11,89,180,129,0.08388884234259575,0.026414000666291362,0.9054111643302918,1.1433550357818603,0.07169713973999023,0.7631098928180814,0.7600842767853292,0.7665965680072537,0.7628626045667423,0.76040707906396,0.7655989356671219,0.038768128542276604,0.006681117360055909,0.002640944688005221,"[0.7600842767853292, 0.7665965680072537, 0.7628626045667423, 0.76040707906396, 0.7655989356671219]",,COMPLETE
6,0.7624879147136328,2026-09-20 02:29:37.879170,2026-09-20 02:29:41.462153,0 days 00:00:03.582983,0.8535260527563854,0.01029981110069582,7,23,160,40,0.004786907593839938,0.7493081704440433,0.9851714301566616,0.6755387783050537,0.03785519599914551,0.7624879147136328,0.7548191456360148,0.7633427082786606,0.7656053024405417,0.7580808373719458,0.7705915798410012,0.01164924582879551,0.002937849910634209,0.005556087051813777,"[0.7548191456360148, 0.7633427082786606, 0.7656053024405417, 0.7580808373719458, 0.7705915798410012]",,COMPLETE
7,0.7598479154574207,2026-09-20 02:29:41.462153,2026-09-20 02:29:52.167892,0 days 00:00:10.705739,0.705006942677626,0.2659105103150496,10,89,299,97,0.029719658301928423,0.0010253446595891928,0.5102804968133774,2.0119139194488525,0.12286934852600098,0.7598479154574207,0.7537024093942676,0.7628814511953171,0.757588761147928,0.7635750679114579,0.7614918876381334,0.011293738239760626,0.0030662114536031317,0.00370587835704409,"[0.7537024093942676, 0.7628814511953171, 0.757588761147928, 0.7635750679114579, 0.7614918876381334]",,COMPLETE
8,0.7571321679480362,2026-09-20 02:29:52.168429,2026-09-20 02:29:54.036530,0 days 00:00:01.868101,0.645458431199833,0.015116981264264098,6,73,89,94,0.007344041388399693,0.022557953259015252,0.7580845237053432,0.3488356113433838,0.02074732780456543,0.7571321679480362,0.7566389383420519,0.7521636705800264,0.7578469865950259,0.7568162518085045,0.7621949924145722,0.00228449773083185,0.0007628618826771061,0.0031991311890698115,"[0.7566389383420519, 0.7521636705800264, 0.7578469865950259, 0.7568162518085045, 0.7621949924145722]",,COMPLETE
9,0.771588219271923,2026-09-20 02:29:54.036530,2026-09-20 02:29:58.186702,0 days 00:00:04.150172,0.6141170480979021,0.018588686850844627,8,74,169,191,0.008272319797486887,0.33175724208113616,0.9633542875725647,0.7812401294708252,0.0436495304107666,0.771588219271923,0.7657695322647791,0.7745984717684997,0.7719328954236647,0.7703301706801599,0.7753100262225114,0.019713768760590524,0.001961777336509246,0.0034197097381654246,"[0.7657695322647791, 0.7745984717684997, 0.7719328954236647, 0.7703301706801599, 0.7753100262225114]",,COMPLETE
10,0.7678497272743059,2026-09-20 02:29:58.186702,2026-09-20 02:30:00.943892,0 days 00:00:02.757190,0.9178810819521311,0.023359692734203717,10,57,106,242,0.0142002664504983,3.7186881398432705,0.5554523275888696,0.5217490196228027,0.02510519027709961,0.7678497272743059,0.7694665343199324,0.7668280674812946,0.7716066342378252,0.7607841923884934,0.770563207943984,0.013362077376541224,0.0006111222743196128,0.003874453877782869,"[0.7694665343199324, 0.7668280674812946, 0.7716066342378252, 0.7607841923884934, 0.770563207943984]","{""colsample_bytree"": 0.9178810819521311, ""learning_rate"": 0.023359692734203717, ""max_depth"": 10, ""min_child_samples"": 57, ""n_estimators"": 106, ""num_leaves"": 242, ""reg_alpha"": 0.0142002664504983, ""reg_lambda"": 3.7186881398432705, ""subsample"": 0.5554523275888696}",COMPLETE
11,0.7685038568736189,2026-09-20 02:30:00.944905,2026-09-20 02:30:04.615394,0 days 00:00:03.670489,0.6694926847247098,0.012462022630254022,7,87,182,195,0.0041078507051214444,0.4242515506115388,0.8055662110202099,0.6871133327484131,0.04279417991638183,0.7685038568736189,0.7645959035841557,0.7684681153029392,0.7716261758652448,0.7668872531964046,0.7709418364193505,0.01092288930353899,0.0004232116990582549,0.002591501648564294,"[0.7645959035841557, 0.7684681153029392, 0.7716261758652448, 0.7668872531964046, 0.7709418364193505]","{""colsample_bytree"": 0.6694926847247098, ""learning_rate"": 0.012462022630254022, ""max_depth"": 7, ""min_child_samples"": 87, ""n_estimators"": 182, ""num_leaves"": 195, ""reg_alpha"": 0.0041078507051214444, ""reg_lambda"": 0.4242515506115388, ""subsample"": 0.8055662110202099}",COMPLETE
12,0.7689053264781949,2026-09-20 02:30:04.621297,2026-09-20 02:30:08.498672,0 days 00:00:03.877375,0.5848784920317684,0.03245381344419627,8,79,162,212,0.008231575907762016,0.7994996300742355,0.9473855386966161,0.7304440498352051,0.04005889892578125,0.7689053264781949,0.7593004822366816,0.7752790614202635,0.7695689053957413,0.7689798098573937,0.7713983734808949,0.02232650848356495,0.0004919151225280617,0.0052827776429968795,"[0.7593004822366816, 0.7752790614202635, 0.7695689053957413, 0.7689798098573937, 0.7713983734808949]","{""colsample_bytree"": 0.5848784920317684, ""learning_rate"": 0.03245381344419627, ""max_depth"": 8, ""min_child_samples"": 79, ""n_estimators"": 162, ""num_leaves"": 212, ""reg_alpha"": 0.008231575907762016, ""reg_lambda"": 0.7994996300742355, ""subsample"": 0.9473855386966161}",COMPLETE
13,0.7499765922210687,2026-09-20 02:30:08.499919,2026-09-20 02:30:09.769004,0 days 00:00:01.269085,0.810919495860517,0.016969923499805854,4,53,94,226,0.09839716881141507,9.965461259248643,0.7565567246365964,0.23389840126037598,0.015862226486206055,0.7499765922210687,0.7418997272540035,0.7490985752347828,0.7542293713951652,0.7467203538523509,0.7579349333690413,0.01494810048140384,0.0020669837944646036,0.005621940490070367,"[0.7418997272540035, 0.7490985752347828, 0.7542293713951652, 0.7467203538523509, 0.7579349333690413]","{""colsample_bytree"": 0.810919495860517, ""learning_rate"": 0.016969923499805854, ""max_depth"": 4, ""min_child_samples"": 53, ""n_estimators"": 94, ""num_leaves"": 226, ""reg_alpha"": 0.09839716881141507, ""reg_lambda"": 9.965461259248643, ""subsample"": 0.7565567246365964}",COMPLETE
14,0.768339052869368,2026-09-20 02:30:09.770004,2026-09-20 02:30:14.107251,0 days 00:00:04.337247,0.655394453163437,0.03294811804736126,9,18,152,255,0.01401184704696487,0.25513825843123417,0.5435910341921929,0.8192378044128418,0.04365220069885254,0.768339052869368,0.7658276450913337,0.7688757631860821,0.7680642519226618,0.7680955207875766,0.7708320833591855,0.009683086216742808,0.0026687475963558457,0.0016090526063476268,"[0.7658276450913337, 0.7688757631860821, 0.7680642519226618, 0.7680955207875766, 0.7708320833591855]","{""colsample_bytree"": 0.655394453163437, ""learning_rate"": 0.03294811804736126, ""max_depth"": 9, ""min_child_samples"": 18, ""n_estimators"": 152, ""num_leaves"": 255, ""reg_alpha"": 0.01401184704696487, ""reg_lambda"": 0.25513825843123417, ""subsample"": 0.5435910341921929}",COMPLETE
15,0.7659369960524204,2026-09-20 02:30:14.108251,2026-09-20 02:30:18.618991,0 days 00:00:04.510740,0.705278467466874,0.0616639901489159,9,39,172,243,0.24009269578553066,6.011651723545701,0.7245374384609465,0.8478821754455567,0.049381589889526366,0.7659369960524204,0.7553242336472763,0.7711865592644145,0.7658357155852948,0.7622150059298015,0.775123465835315,0.01507690835957332,0.0022352416732770203,0.006905698155330725,"[0.7553242336472763, 0.7711865592644145, 0.7658357155852948, 0.7622150059298015, 0.775123465835315]","{""colsample_bytree"": 0.705278467466874, ""learning_rate"": 0.0616639901489159, ""max_depth"": 9, ""min_child_samples"": 39, ""n_estimators"": 172, ""num_leaves"": 243, ""reg_alpha"": 0.24009269578553066, ""reg_lambda"": 6.011651723545701, ""subsample"": 0.7245374384609465}",COMPLETE
16,0.7655503158560935,2026-09-20 02:30:18.618991,2026-09-20 02:30:21.494227,0 days 00:00:02.875236,0.8334906118225306,0.033567605822028786,9,80,128,223,0.1738769879061823,0.5789196557307236,0.6124067034324024,0.5421323299407959,0.029098081588745116,0.7655503158560935,0.7641222914439145,0.7660421387446548,0.7633565640281083,0.7626093852122666,0.7716211998515237,0.016992148497477155,0.0007032255055469717,0.0032434054971912027,"[0.7641222914439145, 0.7660421387446548, 0.7633565640281083, 0.7626093852122666, 0.7716211998515237]","{""colsample_bytree"": 0.8334906118225306, ""learning_rate"": 0.033567605822028786, ""max_depth"": 9, ""min_child_samples"": 80, ""n_estimators"": 128, ""num_leaves"": 223, ""reg_alpha"": 0.1738769879061823, ""reg_lambda"": 0.5789196557307236, ""subsample"": 0.6124067034324024}",COMPLETE
17,0.7632874732988026,2026-09-20 02:30:21.494227,2026-09-20 02:30:24.764841,0 days 00:00:03.270614,0.7791414829687461,0.06705122240460752,10,64,122,215,0.31628607589821833,3.3493379294363606,0.848380658814734,0.6153830528259278,0.03274984359741211,0.7632874732988026,0.7580369967762536,0.7659963301326933,0.7609542477857405,0.7612262061252146,0.7702235856741111,0.014379809042708188,0.0017852203029085996,0.004305991816039079,"[0.7580369967762536, 0.7659963301326933, 0.7609542477857405, 0.7612262061252146, 0.7702235856741111]","{""colsample_bytree"": 0.7791414829687461, ""learning_rate"": 0.06705122240460752, ""max_depth"": 10, ""min_child_samples"": 64, ""n_estimators"": 122, ""num_leaves"": 215, ""reg_alpha"": 0.31628607589821833, ""reg_lambda"": 3.3493379294363606, ""subsample"": 0.848380658814734}",COMPLETE
18,0.7664225986374084,2026-09-20 02:30:24.764841,2026-09-20 02:30:30.721570,0 days 00:00:05.956729,0.585514103006409,0.012658091523713067,9,57,181,235,0.03191920972553043,0.028825729599978533,0.9017681155921093,1.128516674041748,0.057968425750732425,0.7664225986374084,0.7610581817404193,0.7673898763460227,0.7693825738962738,0.764284080819003,0.7699982803853231,0.013547635080087524,0.002462125066361698,0.003341640518230173,"[0.7610581817404193, 0.7673898763460227, 0.7693825738962738, 0.764284080819003, 0.7699982803853231]","{""colsample_bytree"": 0.585514103006409, ""learning_rate"": 0.012658091523713067, ""max_depth"": 9, ""min_child_samples"": 57, ""n_estimators"": 181, ""num_leaves"": 235, ""reg_alpha"": 0.03191920972553043, ""reg_lambda"": 0.028825729599978533, ""subsample"": 0.9017681155921093}",COMPLETE
19,0.7676763444882928,2026-09-20 02:30:30.722076,2026-09-20 02:30:33.250476,0 days 00:00:02.528400,0.6464489956139761,0.08611551355394836,8,61,107,244,0.30588451107602993,2.506511428527361,0.6634703626593934,0.4762387275695801,0.025789260864257812,0.7676763444882928,0.7557223558379844,0.7728875428115753,0.7680168578953472,0.7698295949893443,0.7719253709072129,0.018790920928541607,0.0005912846134193572,0.006210653672933761,"[0.7557223558379844, 0.7728875428115753, 0.7680168578953472, 0.7698295949893443, 0.7719253709072129]","{""colsample_bytree"": 0.6464489956139761, ""learning_rate"": 0.08611551355394836, ""max_depth"": 8, ""min_child_samples"": 61, ""n_estimators"": 107, ""num_leaves"": 244, ""reg_alpha"": 0.30588451107602993, ""reg_lambda"": 2.506511428527361, ""subsample"": 0.6634703626593934}",COMPLETE
20,0.767299727280745,2026-09-20 02:30:33.251978,2026-09-20 02:30:34.459691,0 days 00:00:01.207713,0.6897520226270921,0.028705665574434547,7,56,53,246,0.9396564891078939,0.5675009706341193,0.730534714990023,0.22283515930175782,0.012654256820678712,0.767299727280745,0.7636615816557935,0.7708023389830094,0.7669026616932266,0.7664133219191118,0.7687187321525837,0.003436333948367971,0.0018871175729096943,0.002385847551601697,"[0.7636615816557935, 0.7708023389830094, 0.7669026616932266, 0.7664133219191118, 0.7687187321525837]","{""colsample_bytree"": 0.6897520226270921, ""learning_rate"": 0.028705665574434547, ""max_depth"": 7, ""min_child_samples"": 56, ""n_estimators"": 53, ""num_leaves"": 246, ""reg_alpha"": 0.9396564891078939, ""reg_lambda"": 0.5675009706341193, ""subsample"": 0.730534714990023}",COMPLETE
21,0.7669891043040878,2026-09-20 02:30:34.459691,2026-09-20 02:30:38.604015,0 days 00:00:04.144324,0.6242398805383712,0.04599344595937284,8,66,171,189,0.09687344599881072,0.03861291124768261,0.7502911492458725,0.7771663188934326,0.04496893882751465,0.7669891043040878,0.7598216270042099,0.7675377010191525,0.7708663783113114,0.7623012509007897,0.7744185642849756,0.017398500387943567,0.0014491478879066447,0.005364322661167279,"[0.7598216270042099, 0.7675377010191525, 0.7708663783113114, 0.7623012509007897, 0.7744185642849756]","{""colsample_bytree"": 0.6242398805383712, ""learning_rate"": 0.04599344595937284, ""max_depth"": 8, ""min_child_samples"": 66, ""n_estimators"": 171, ""num_leaves"": 189, ""reg_alpha"": 0.09687344599881072, ""reg_lambda"": 0.03861291124768261, ""subsample"": 0.7502911492458725}",COMPLETE
22,0.7650536424517526,2026-09-20 02:30:38.605168,2026-09-20 02:30:40.885552,0 days 00:00:02.280384,0.8177042825156027,0.019372162322226546,7,12,100,210,0.9055309138889215,1.9417735339171964,0.6827772050644624,0.42811903953552244,0.022644424438476564,0.7650536424517526,0.7631277835905046,0.7608137350572809,0.7728967927016598,0.7565698761645419,0.771860024744776,0.013514019690446534,0.002409189621851742,0.006348257764844753,"[0.7631277835905046, 0.7608137350572809, 0.7728967927016598, 0.7565698761645419, 0.771860024744776]","{""colsample_bytree"": 0.8177042825156027, ""learning_rate"": 0.019372162322226546, ""max_depth"": 7, ""min_child_samples"": 12, ""n_estimators"": 100, ""num_leaves"": 210, ""reg_alpha"": 0.9055309138889215, ""reg_lambda"": 1.9417735339171964, ""subsample"": 0.6827772050644624}",COMPLETE
23,0.770361725711869,2026-09-20 02:30:40.886551,2026-09-20 02:30:43.513875,0 days 00:00:02.627324,0.743076974588113,0.03180105718831678,9,6,89,239,0.4910655018634589,4.0148866759160295,0.596627866960326,0.4966763496398926,0.02432713508605957,0.770361725711869,0.7647467870387648,0.766889033001197,0.777687264129675,0.7680723546160643,0.7744131897736445,0.00303464222256912,0.000915116595475294,0.004876601790886611,"[0.7647467870387648, 0.766889033001197, 0.777687264129675, 0.7680723546160643, 0.7744131897736445]","{""colsample_bytree"": 0.743076974588113, ""learning_rate"": 0.03180105718831678, ""max_depth"": 9, ""min_child_samples"": 6, ""n_estimators"": 89, ""num_leaves"": 239, ""reg_alpha"": 0.4910655018634589, ""reg_lambda"": 4.0148866759160295, ""subsample"": 0.596627866960326}",COMPLETE
24,0.7668908239975007,2026-09-20 02:30:43.513875,2026-09-20 02:30:46.977248,0 days 00:00:03.463373,0.6575646505215987,0.010742474455569553,7,78,160,166,0.07856470094774483,0.00784836666053954,0.6918495559358357,0.6493577480316162,0.03801431655883789,0.7668908239975007,0.7586671951126163,0.7673080968706889,0.7725245906110454,0.7662462059905286,0.7697080314026247,0.01729322417516153,0.0017746198719143448,0.004645292345618156,"[0.7586671951126163, 0.7673080968706889, 0.7725245906110454, 0.7662462059905286, 0.7697080314026247]","{""colsample_bytree"": 0.6575646505215987, ""learning_rate"": 0.010742474455569553, ""max_depth"": 7, ""min_child_samples"": 78, ""n_estimators"": 160, ""num_leaves"": 166, ""reg_alpha"": 0.07856470094774483, ""reg_lambda"": 0.00784836666053954, ""subsample"": 0.6918495559358357}",COMPLETE
25,0.768473047106269,2026-09-20 02:30:46.977248,2026-09-20 02:30:49.649017,0 days 00:00:02.671769,0.590878822533313,0.022862795762764683,5,52,150,186,0.04069291093128991,0.02723572957403837,0.6553963358457775,0.5035979747772217,0.02640390396118164,0.768473047106269,0.7579757101513731,0.7703845772394446,0.7725885839323394,0.765763702741557,0.7756526614666304,0.009276217630557512,0.0012497079113361178,0.00615910842917231,"[0.7579757101513731, 0.7703845772394446, 0.7725885839323394, 0.765763702741557, 0.7756526614666304]","{""colsample_bytree"": 0.590878822533313, ""learning_rate"": 0.022862795762764683, ""max_depth"": 5, ""min_child_samples"": 52, ""n_estimators"": 150, ""num_leaves"": 186, ""reg_alpha"": 0.04069291093128991, ""reg_lambda"": 0.02723572957403837, ""subsample"": 0.6553963358457775}",COMPLETE
26,0.7702613675292561,2026-09-20 02:30:49.650017,2026-09-20 02:30:53.452326,0 days 00:00:03.802309,0.6693533092071262,0.03780726415332102,8,49,189,223,0.6723662323615566,8.92351890830715,0.8753961269829493,0.7113823413848877,0.04407181739807129,0.7702613675292561,0.7677163457515711,0.7768573154005551,0.7685528274881455,0.7644748159363501,0.7737055330696581,0.01304268635353287,0.003069386729625578,0.004432814655473842,"[0.7677163457515711, 0.7768573154005551, 0.7685528274881455, 0.7644748159363501, 0.7737055330696581]","{""colsample_bytree"": 0.6693533092071262, ""learning_rate"": 0.03780726415332102, ""max_depth"": 8, ""min_child_samples"": 49, ""n_estimators"": 189, ""num_leaves"": 223, ""reg_alpha"": 0.6723662323615566, ""reg_lambda"": 8.92351890830715, ""subsample"": 0.8753961269829493}",COMPLETE
27,0.7672381844445946,2026-09-20 02:30:53.452326,2026-09-20 02:30:56.162014,0 days 00:00:02.709688,0.7443702834195822,0.01644244943785284,8,42,113,227,0.46710769364380367,1.0635381772820913,0.7855129758894109,0.5090712070465088,0.028001880645751952,0.7672381844445946,0.7599259050462814,0.7689965683425696,0.7713257455750215,0.7617527721802544,0.7741899310788457,0.014816946358528652,0.0011515813691576479,0.005507922092826396,"[0.7599259050462814, 0.7689965683425696, 0.7713257455750215, 0.7617527721802544, 0.7741899310788457]","{""colsample_bytree"": 0.7443702834195822, ""learning_rate"": 0.01644244943785284, ""max_depth"": 8, ""min_child_samples"": 42, ""n_estimators"": 113, ""num_leaves"": 227, ""reg_alpha"": 0.46710769364380367, ""reg_lambda"": 1.0635381772820913, ""subsample"": 0.7855129758894109}",COMPLETE
