number,value,datetime_start,datetime_complete,duration,params_colsample_bytree,params_learning_rate,params_max_depth,params_min_child_samples,params_n_estimators,params_num_leaves,params_reg_alpha,params_reg_lambda,params_subsample,user_attrs_mean_fit_time,user_attrs_mean_score_time,user_attrs_mean_test_score,user_attrs_split0_test_score,user_attrs_split1_test_score,user_attrs_split2_test_score,user_attrs_split3_test_score,user_attrs_split4_test_score,user_attrs_std_fit_time,user_attrs_std_score_time,user_attrs_std_test_score,system_attrs_terminator:cv_scores,system_attrs_tpe:relative_params:0,state
28,0.7705628325207221,2026-09-20 02:30:56.162014,2026-09-20 02:30:58.326550,0 days 00:00:02.164536,0.7352684710824906,0.03640952082956931,7,9,109,243,0.12058117696792654,4.939184645528238,0.735492297039853,0.4037046432495117,0.02396078109741211,0.7705628325207221,0.7682748201115386,0.7684264109910827,0.7739480040240359,0.765492288843351,0.7766726386336021,0.003096622031925852,0.0009649315236579007,0.004106064484755369,"[0.7682748201115386, 0.7684264109910827, 0.7739480040240359, 0.765492288843351, 0.7766726386336021]","{""colsample_bytree"": 0.7352684710824906, ""learning_rate"": 0.03640952082956931, ""max_depth"": 7, ""min_child_samples"": 9, ""n_estimators"": 109, ""num_leaves"": 243, ""reg_alpha"": 0.12058117696792654, ""reg_lambda"": 4.939184645528238, ""subsample"": 0.735492297039853}",COMPLETE
29,0.7707402693995645,2026-09-20 02:30:58.328054,2026-09-20 02:31:00.138253,0 days 00:00:01.810199,0.6470560068136335,0.040790387024397586,7,9,79,248,0.27922218930083864,2.826329737161057,0.6203092853573996,0.34030904769897463,0.017961835861206053,0.7707402693995645,0.7670325512966858,0.7704024835832192,0.7776663277148306,0.7629964698555415,0.7756035145475455,0.01774749979370373,0.001527328983852075,0.00539349870347582,"[0.7670325512966858, 0.7704024835832192, 0.7776663277148306, 0.7629964698555415, 0.7756035145475455]","{""colsample_bytree"": 0.6470560068136335, ""learning_rate"": 0.040790387024397586, ""max_depth"": 7, ""min_child_samples"": 9, ""n_estimators"": 79, ""num_leaves"": 248, ""reg_alpha"": 0.27922218930083864, ""reg_lambda"": 2.826329737161057, ""subsample"": 0.6203092853573996}",COMPLETE
