number,value,datetime_start,datetime_complete,duration,params_colsample_bytree,params_gamma,params_learning_rate,params_max_depth,params_n_estimators,params_reg_alpha,params_reg_lambda,params_subsample,user_attrs_mean_fit_time,user_attrs_mean_score_time,user_attrs_mean_test_score,user_attrs_split0_test_score,user_attrs_split1_test_score,user_attrs_split2_test_score,user_attrs_split3_test_score,user_attrs_split4_test_score,user_attrs_std_fit_time,user_attrs_std_score_time,user_attrs_std_test_score,system_attrs_terminator:cv_scores,system_attrs_tpe:relative_params:0,state
29,0.7725413684696514,2026-09-20 02:29:06.286057,2026-09-20 02:29:09.541912,0 days 00:00:03.255855,0.7272896396195273,4.041637263699805,0.03580693163067034,8,107,0.10333425879199239,1.6325840140948675,0.8824103300996958,0.6334003925323486,0.01235966682434082,0.7725413684696514,0.7670509782386199,0.7748121284238708,0.7768195709922259,0.7687095646801121,0.7753146000134289,0.019317571593584004,0.0008939760591454328,0.003898135091547896,"[0.7670509782386199, 0.7748121284238708, 0.7768195709922259, 0.7687095646801121, 0.7753146000134289]","{""colsample_bytree"": 0.7272896396195273, ""gamma"": 4.041637263699805, ""learning_rate"": 0.03580693163067034, ""max_depth"": 8, ""n_estimators"": 107, ""reg_alpha"": 0.10333425879199239, ""reg_lambda"": 1.6325840140948675, ""subsample"": 0.8824103300996958}",COMPLETE
