number,value,datetime_start,datetime_complete,duration,params_colsample_bytree,params_gamma,params_learning_rate,params_max_depth,params_n_estimators,params_reg_alpha,params_reg_lambda,params_subsample,user_attrs_mean_fit_time,user_attrs_mean_score_time,user_attrs_mean_test_score,user_attrs_split0_test_score,user_attrs_split1_test_score,user_attrs_split2_test_score,user_attrs_split3_test_score,user_attrs_split4_test_score,user_attrs_std_fit_time,user_attrs_std_score_time,user_attrs_std_test_score,system_attrs_terminator:cv_scores,system_attrs_tpe:relative_params:0,state
0,0.7688928671615693,2026-09-20 02:27:47.038734,2026-09-20 02:27:50.426452,0 days 00:00:03.387718,0.7425935964879817,1.4913081568256537,0.25978666071143064,3,164,0.004337892866429276,2.6674683796980805,0.6597236255198837,0.6576437950134277,0.012430095672607422,0.7688928671615693,0.7594795503100931,0.7711652856272811,0.7715840499066174,0.7641993909480715,0.7780360590157838,0.09720713004049433,0.004112506304153166,0.006428741099880792,"[0.7594795503100931, 0.7711652856272811, 0.7715840499066174, 0.7641993909480715, 0.7780360590157838]",,COMPLETE
1,0.7642689296576234,2026-09-20 02:27:50.428465,2026-09-20 02:27:53.007645,0 days 00:00:02.579180,0.7533423071119278,1.1852974498463538,0.034769529451323486,5,94,0.014714978674351281,5.727371361363963,0.9996254301700473,0.5005796432495118,0.010426616668701172,0.7642689296576234,0.7618575594421517,0.7610330158418901,0.7666571719858956,0.7567089478625609,0.7750879531556184,0.03143434731328599,0.0017230719675528554,0.006264090359330913,"[0.7618575594421517, 0.7610330158418901, 0.7666571719858956, 0.7567089478625609, 0.7750879531556184]",,COMPLETE
2,0.770475627740516,2026-09-20 02:27:53.007645,2026-09-20 02:27:56.492607,0 days 00:00:03.484962,0.7284995945222815,4.622385925519213,0.4511901981755466,6,265,0.44991860984085646,1.9084253593739844,0.9761900399239738,0.6817506313323974,0.010848283767700195,0.770475627740516,0.7644508341249246,0.7768530945337682,0.7723319157528781,0.7634426310804137,0.7752996632105958,0.03884942767430837,0.0010816702470301837,0.005534444619506869,"[0.7644508341249246, 0.7768530945337682, 0.7723319157528781, 0.7634426310804137, 0.7752996632105958]",,COMPLETE
3,0.7666239941246491,2026-09-20 02:27:56.493617,2026-09-20 02:27:59.371914,0 days 00:00:02.878297,0.5500434735437423,3.5041336357953323,0.23648406131079114,9,164,0.030651119597330766,6.370109866459574,0.7615552810258455,0.5615828037261963,0.011068344116210938,0.7666239941246491,0.7618871819369051,0.7655382947865184,0.7651004439004319,0.7683519168419602,0.7722421331574298,0.033863030890879095,0.00067660371655722,0.0034781184899064246,"[0.7618871819369051, 0.7655382947865184, 0.7651004439004319, 0.7683519168419602, 0.7722421331574298]",,COMPLETE
4,0.7707359972934953,2026-09-20 02:27:59.373921,2026-09-20 02:28:02.729138,0 days 00:00:03.355217,0.866911457328936,4.33794705749712,0.04425350426075061,9,103,0.026858370778354897,3.4249359416402205,0.5145413777978909,0.6564534664154053,0.0114013671875,0.7707359972934953,0.7664756904825902,0.7771125624380296,0.7734244729500275,0.7675813698977281,0.7690858906991006,0.025382204219020522,0.0013671694555060388,0.003967700197854928,"[0.7664756904825902, 0.7771125624380296, 0.7734244729500275, 0.7675813698977281, 0.7690858906991006]",,COMPLETE
5,0.7676228598038227,2026-09-20 02:28:02.730143,2026-09-20 02:28:05.489538,0 days 00:00:02.759395,0.5695554693137801,2.591922669237184,0.1180619539877864,10,113,0.027727633144628148,5.743489883221538,0.9540337171584516,0.5358839511871338,0.011382389068603515,0.7676228598038227,0.7536291379860145,0.7737537176356929,0.7712756971312696,0.7648027299433702,0.7746530163227658,0.03169501146943618,0.0014678084046881733,0.007799116895139472,"[0.7536291379860145, 0.7737537176356929, 0.7712756971312696, 0.7648027299433702, 0.7746530163227658]",,COMPLETE
6,0.765915182642064,2026-09-20 02:28:05.490537,2026-09-20 02:28:09.408988,0 days 00:00:03.918451,0.8206173668697818,1.7772927305747839,0.31865762044322354,9,259,0.020663930769058845,1.0755119852161146,0.7275227446059738,0.7687421321868897,0.01154313087463379,0.765915182642064,0.7594742300641577,0.7695376960656967,0.7662984073774839,0.7653537727014568,0.7689118070015252,0.02623723191698841,0.0018503021534494477,0.0035791136748140008,"[0.7594742300641577, 0.7695376960656967, 0.7662984073774839, 0.7653537727014568, 0.7689118070015252]",,COMPLETE
7,0.7584371065622383,2026-09-20 02:28:09.409988,2026-09-20 02:28:10.999091,0 days 00:00:01.589103,0.8535260527563854,1.1334250732829654,0.06686898944023378,4,76,0.14321725685931255,10.92740598974496,0.9851714301566616,0.3073786735534668,0.008236885070800781,0.7584371065622383,0.750940480805394,0.7558722076329151,0.7647607039243434,0.7535349574003372,0.767077183048202,0.028113245833826968,0.0005887746883322048,0.0063474085411714095,"[0.750940480805394, 0.7558722076329151, 0.7647607039243434, 0.7535349574003372, 0.767077183048202]",,COMPLETE
8,0.7675421184197133,2026-09-20 02:28:11.000095,2026-09-20 02:28:17.292588,0 days 00:00:06.292493,0.5102804968133774,2.05006942677626,0.03789010207694847,9,260,0.029719658301928423,1.0271746844490317,0.9425054457299307,1.2370317935943604,0.01662731170654297,0.7675421184197133,0.7600621699710605,0.7728271921593223,0.7695902494452505,0.7636586161296306,0.7715723643933025,0.03147777241179069,0.00033679349755247665,0.004886736059377167,"[0.7600621699710605, 0.7728271921593223, 0.7695902494452505, 0.7636586161296306, 0.7715723643933025]",,COMPLETE
9,0.7495253852641994,2026-09-20 02:28:17.294094,2026-09-20 02:28:19.401136,0 days 00:00:02.107042,0.8579524580139598,2.580845237053432,0.015116981264264098,5,89,0.007460202002903142,3.886450385763304,0.6718032326058765,0.40726661682128906,0.01043248176574707,0.7495253852641994,0.7472472246213625,0.7450190314692128,0.7513727655463004,0.7481706740107478,0.7558172306733739,0.013832990436021738,0.0021596941290539795,0.0037505363771075683,"[0.7472472246213625, 0.7450190314692128, 0.7513727655463004, 0.7481706740107478, 0.7558172306733739]",,COMPLETE
10,0.7700493075303103,2026-09-20 02:28:19.402644,2026-09-20 02:28:22.735849,0 days 00:00:03.333205,0.920857401686042,4.170474168910665,0.03417047767710836,10,94,0.011819772156367009,3.5722254523135293,0.5165974927177369,0.648841667175293,0.011537694931030273,0.7700493075303103,0.7643462302233713,0.7694644104560049,0.7731357624940722,0.7683722791438303,0.7749278553342731,0.03253390717060224,0.0009712107356019626,0.0037149980480316223,"[0.7643462302233713, 0.7694644104560049, 0.7731357624940722, 0.7683722791438303, 0.7749278553342731]","{""colsample_bytree"": 0.920857401686042, ""gamma"": 4.170474168910665, ""learning_rate"": 0.03417047767710836, ""max_depth"": 10, ""n_estimators"": 94, ""reg_alpha"": 0.011819772156367009, ""reg_lambda"": 3.5722254523135293, ""subsample"": 0.5165974927177369}",COMPLETE
11,0.7717468886644737,2026-09-20 02:28:22.736849,2026-09-20 02:28:24.434077,0 days 00:00:01.697228,0.7533991746792765,4.4356621971548265,0.07345986542161388,8,53,0.19417427086722475,2.9917518123197118,0.7519850778787542,0.3264919757843018,0.00894179344177246,0.7717468886644737,0.7694821169359526,0.7702012396058315,0.7767716381601719,0.7723370780795836,0.7699423705408289,0.007325730116011302,0.0008925812679045082,0.0026970702139017325,"[0.7694821169359526, 0.7702012396058315, 0.7767716381601719, 0.7723370780795836, 0.7699423705408289]","{""colsample_bytree"": 0.7533991746792765, ""gamma"": 4.4356621971548265, ""learning_rate"": 0.07345986542161388, ""max_depth"": 8, ""n_estimators"": 53, ""reg_alpha"": 0.19417427086722475, ""reg_lambda"": 2.9917518123197118, ""subsample"": 0.7519850778787542}",COMPLETE
12,0.768150490330885,2026-09-20 02:28:24.434077,2026-09-20 02:28:26.646064,0 days 00:00:02.211987,0.900381044053519,4.135843057802706,0.04874830406700837,8,65,0.2740620645853855,3.761243457293287,0.5249550942070563,0.42688760757446287,0.009932994842529297,0.768150490330885,0.7673459992228471,0.7695008871365204,0.769204848601665,0.7666097312422753,0.7680909854511171,0.009195923962212737,0.0006358129394894579,0.0010917809522605184,"[0.7673459992228471, 0.7695008871365204, 0.769204848601665, 0.7666097312422753, 0.7680909854511171]","{""colsample_bytree"": 0.900381044053519, ""gamma"": 4.135843057802706, ""learning_rate"": 0.04874830406700837, ""max_depth"": 8, ""n_estimators"": 65, ""reg_alpha"": 0.2740620645853855, ""reg_lambda"": 3.761243457293287, ""subsample"": 0.5249550942070563}",COMPLETE
13,0.7685775609611353,2026-09-20 02:28:26.647020,2026-09-20 02:28:28.705573,0 days 00:00:02.058553,0.7916364088288781,3.6139452251793607,0.14841497420345706,7,83,0.06278671361088299,4.415445496938309,0.5573844130641677,0.3973576068878174,0.009460926055908203,0.7685775609611353,0.7589364541895032,0.7757863944241958,0.7717310800979902,0.7600341029640367,0.7763997731299509,0.008613954848254732,0.0004155797922384207,0.00760316487245695,"[0.7589364541895032, 0.7757863944241958, 0.7717310800979902, 0.7600341029640367, 0.7763997731299509]","{""colsample_bytree"": 0.7916364088288781, ""gamma"": 3.6139452251793607, ""learning_rate"": 0.14841497420345706, ""max_depth"": 7, ""n_estimators"": 83, ""reg_alpha"": 0.06278671361088299, ""reg_lambda"": 4.415445496938309, ""subsample"": 0.5573844130641677}",COMPLETE
14,0.7688862731781201,2026-09-20 02:28:28.707077,2026-09-20 02:28:30.917317,0 days 00:00:02.210240,0.6632343008032839,4.689221043045598,0.030698973098750866,9,65,0.04294706864916096,3.069006947459843,0.7302771665129663,0.42751317024230956,0.010535192489624024,0.7688862731781201,0.7654541415870751,0.7723419500376959,0.7710333019327887,0.7667617162647358,0.7688402560683054,0.010263825223843377,0.0013611770867196775,0.0025630771327463117,"[0.7654541415870751, 0.7723419500376959, 0.7710333019327887, 0.7667617162647358, 0.7688402560683054]","{""colsample_bytree"": 0.6632343008032839, ""gamma"": 4.689221043045598, ""learning_rate"": 0.030698973098750866, ""max_depth"": 9, ""n_estimators"": 65, ""reg_alpha"": 0.04294706864916096, ""reg_lambda"": 3.069006947459843, ""subsample"": 0.7302771665129663}",COMPLETE
15,0.7689869558958404,2026-09-20 02:28:30.919923,2026-09-20 02:28:36.137102,0 days 00:00:05.217179,0.9696029266211437,4.447930291749564,0.016494186599782346,9,147,0.009786507726550674,4.079444059819046,0.6968256426611679,1.0232118129730225,0.014457035064697265,0.7689869558958404,0.766532306656609,0.773870195829966,0.7714023600849818,0.7643477116908757,0.7687822052167698,0.0705925963181172,0.0013481016001969093,0.003384376520799608,"[0.766532306656609, 0.773870195829966, 0.7714023600849818, 0.7643477116908757, 0.7687822052167698]","{""colsample_bytree"": 0.9696029266211437, ""gamma"": 4.447930291749564, ""learning_rate"": 0.016494186599782346, ""max_depth"": 9, ""n_estimators"": 147, ""reg_alpha"": 0.009786507726550674, ""reg_lambda"": 4.079444059819046, ""subsample"": 0.6968256426611679}",COMPLETE
16,0.7656901581789802,2026-09-20 02:28:36.137102,2026-09-20 02:28:38.234806,0 days 00:00:02.097704,0.8238374807295389,4.646796813272314,0.12774128339829893,10,92,0.1692560984494959,1.9300536732980218,0.8963411707507563,0.40581908226013186,0.010406064987182616,0.7656901581789802,0.7620136849931841,0.7682000545414225,0.7695258054394484,0.7642858813700545,0.764425364550792,0.007057470766485672,0.0008526837661706399,0.002760431887252704,"[0.7620136849931841, 0.7682000545414225, 0.7695258054394484, 0.7642858813700545, 0.764425364550792]","{""colsample_bytree"": 0.8238374807295389, ""gamma"": 4.646796813272314, ""learning_rate"": 0.12774128339829893, ""max_depth"": 10, ""n_estimators"": 92, ""reg_alpha"": 0.1692560984494959, ""reg_lambda"": 1.9300536732980218, ""subsample"": 0.8963411707507563}",COMPLETE
17,0.755972952836113,2026-09-20 02:28:38.242328,2026-09-20 02:28:40.162249,0 days 00:00:01.919921,0.7551126714883856,4.11819782185511,0.020286238560000423,6,66,0.275211361602573,2.2412165350467763,0.6755204102519222,0.37052292823791505,0.009633064270019531,0.755972952836113,0.752547404646444,0.7519996868356736,0.7609167013310182,0.7536978440241672,0.7607031273432622,0.01675752574542621,0.0016184862779157906,0.003987794961257332,"[0.752547404646444, 0.7519996868356736, 0.7609167013310182, 0.7536978440241672, 0.7607031273432622]","{""colsample_bytree"": 0.7551126714883856, ""gamma"": 4.11819782185511, ""learning_rate"": 0.020286238560000423, ""max_depth"": 6, ""n_estimators"": 66, ""reg_alpha"": 0.275211361602573, ""reg_lambda"": 2.2412165350467763, ""subsample"": 0.6755204102519222}",COMPLETE
18,0.7716233716256695,2026-09-20 02:28:40.164284,2026-09-20 02:28:42.427909,0 days 00:00:02.263625,0.7009640573642015,2.9344773129515085,0.08806244119192462,10,68,0.1628118390319229,2.3869271907823046,0.8444784686993604,0.43830485343933107,0.009991884231567383,0.7716233716256695,0.7644464320204334,0.7756922345700883,0.772253787579585,0.7691853454098593,0.7765390585483816,0.006406939541340236,0.0012392920776016644,0.004440033373381838,"[0.7644464320204334, 0.7756922345700883, 0.772253787579585, 0.7691853454098593, 0.7765390585483816]","{""colsample_bytree"": 0.7009640573642015, ""gamma"": 2.9344773129515085, ""learning_rate"": 0.08806244119192462, ""max_depth"": 10, ""n_estimators"": 68, ""reg_alpha"": 0.1628118390319229, ""reg_lambda"": 2.3869271907823046, ""subsample"": 0.8444784686993604}",COMPLETE
19,0.7713368641858795,2026-09-20 02:28:42.428907,2026-09-20 02:28:44.289698,0 days 00:00:01.860791,0.6916759832733262,3.0974512297172945,0.03384332461910873,8,53,0.6210368104126079,2.8819379296725978,0.8186056446737613,0.35790514945983887,0.010241127014160157,0.7713368641858795,0.7672600130330304,0.7749920482866673,0.7749870633400974,0.7706744563677195,0.7687707399018832,0.01048361223416338,0.0009228838663117655,0.0031726587574798398,"[0.7672600130330304, 0.7749920482866673, 0.7749870633400974, 0.7706744563677195, 0.7687707399018832]","{""colsample_bytree"": 0.6916759832733262, ""gamma"": 3.0974512297172945, ""learning_rate"": 0.03384332461910873, ""max_depth"": 8, ""n_estimators"": 53, ""reg_alpha"": 0.6210368104126079, ""reg_lambda"": 2.8819379296725978, ""subsample"": 0.8186056446737613}",COMPLETE
20,0.7702721543322684,2026-09-20 02:28:44.289698,2026-09-20 02:28:47.445334,0 days 00:00:03.155636,0.7806164391211156,1.360929089933039,0.0838313940494523,10,90,0.3031010946611045,2.14132792246926,0.8399237459365168,0.6132193088531495,0.0123992919921875,0.7702721543322684,0.7555216145270152,0.7762093636937848,0.772462549389002,0.7704887520335675,0.7766784920179728,0.005720794505928616,0.001350921542013214,0.007729356857603169,"[0.7555216145270152, 0.7762093636937848, 0.772462549389002, 0.7704887520335675, 0.7766784920179728]","{""colsample_bytree"": 0.7806164391211156, ""gamma"": 1.360929089933039, ""learning_rate"": 0.0838313940494523, ""max_depth"": 10, ""n_estimators"": 90, ""reg_alpha"": 0.3031010946611045, ""reg_lambda"": 2.14132792246926, ""subsample"": 0.8399237459365168}",COMPLETE
21,0.7704843506155177,2026-09-20 02:28:47.446332,2026-09-20 02:28:49.481460,0 days 00:00:02.035128,0.6983966575689513,3.3499459299643255,0.04798062569413198,9,59,0.4002548633518529,2.7859588407038958,0.8114225262822905,0.392588472366333,0.01041097640991211,0.7704843506155177,0.7664960173636572,0.7762150575239155,0.7690183316900466,0.7679388358337852,0.7727535106661839,0.0072427103750941245,0.001170896196119001,0.0035362620979574383,"[0.7664960173636572, 0.7762150575239155, 0.7690183316900466, 0.7679388358337852, 0.7727535106661839]","{""colsample_bytree"": 0.6983966575689513, ""gamma"": 3.3499459299643255, ""learning_rate"": 0.04798062569413198, ""max_depth"": 9, ""n_estimators"": 59, ""reg_alpha"": 0.4002548633518529, ""reg_lambda"": 2.7859588407038958, ""subsample"": 0.8114225262822905}",COMPLETE
22,0.7683103939601528,2026-09-20 02:28:49.481976,2026-09-20 02:28:52.301894,0 days 00:00:02.819918,0.7035274750903119,3.1802832897826256,0.07533245223359492,10,87,0.09940449056993307,2.3707043695456975,0.7980620607885793,0.5487113952636719,0.011713886260986328,0.7683103939601528,0.7673414235675657,0.7743157893851688,0.7688519612020319,0.7623846266610498,0.768658168984948,0.02497239305902805,0.0008618977005973815,0.003808743584464029,"[0.7673414235675657, 0.7743157893851688, 0.7688519612020319, 0.7623846266610498, 0.768658168984948]","{""colsample_bytree"": 0.7035274750903119, ""gamma"": 3.1802832897826256, ""learning_rate"": 0.07533245223359492, ""max_depth"": 10, ""n_estimators"": 87, ""reg_alpha"": 0.09940449056993307, ""reg_lambda"": 2.3707043695456975, ""subsample"": 0.7980620607885793}",COMPLETE
23,0.7707198053952569,2026-09-20 02:28:52.302900,2026-09-20 02:28:54.767485,0 days 00:00:02.464585,0.6574959256214199,2.475098158404397,0.09026154706519175,8,87,0.2287480801828633,2.3475360167722803,0.8790070060719337,0.4775688648223877,0.011018943786621094,0.7707198053952569,0.7620001656811201,0.7788632378180805,0.7730748223319415,0.7635897734283353,0.7760710277168068,0.016700110084019514,0.0008484802581515918,0.006743391569907477,"[0.7620001656811201, 0.7788632378180805, 0.7730748223319415, 0.7635897734283353, 0.7760710277168068]","{""colsample_bytree"": 0.6574959256214199, ""gamma"": 2.475098158404397, ""learning_rate"": 0.09026154706519175, ""max_depth"": 8, ""n_estimators"": 87, ""reg_alpha"": 0.2287480801828633, ""reg_lambda"": 2.3475360167722803, ""subsample"": 0.8790070060719337}",COMPLETE
24,0.7714852048242469,2026-09-20 02:28:54.767989,2026-09-20 02:28:56.862400,0 days 00:00:02.094411,0.7155304956550108,2.348970559662543,0.03946317779587623,10,53,0.4863618838877515,4.372456604882085,0.9142319411915429,0.4020188331604004,0.011521530151367188,0.7714852048242469,0.7679300880130048,0.774347603151908,0.7763324011642505,0.7660404744400621,0.7727754573520083,0.007834883604742915,0.001389895164996109,0.0038894043921448374,"[0.7679300880130048, 0.774347603151908, 0.7763324011642505, 0.7660404744400621, 0.7727754573520083]","{""colsample_bytree"": 0.7155304956550108, ""gamma"": 2.348970559662543, ""learning_rate"": 0.03946317779587623, ""max_depth"": 10, ""n_estimators"": 53, ""reg_alpha"": 0.4863618838877515, ""reg_lambda"": 4.372456604882085, ""subsample"": 0.9142319411915429}",COMPLETE
25,0.7708739981811823,2026-09-20 02:28:56.864428,2026-09-20 02:28:59.806507,0 days 00:00:02.942079,0.6735160409338475,2.0396385133936907,0.02192982625839797,10,70,0.1896197395996116,1.7065570396909338,0.8802029404732108,0.5724229335784912,0.01219782829284668,0.7708739981811823,0.7654930833599125,0.7765752052817863,0.7734442845016275,0.7666903344034,0.7721670833591853,0.009856091382629004,0.0017138787150589667,0.004177068119384807,"[0.7654930833599125, 0.7765752052817863, 0.7734442845016275, 0.7666903344034, 0.7721670833591853]","{""colsample_bytree"": 0.6735160409338475, ""gamma"": 2.0396385133936907, ""learning_rate"": 0.02192982625839797, ""max_depth"": 10, ""n_estimators"": 70, ""reg_alpha"": 0.1896197395996116, ""reg_lambda"": 1.7065570396909338, ""subsample"": 0.8802029404732108}",COMPLETE
26,0.7688547617675763,2026-09-20 02:28:59.806507,2026-09-20 02:29:02.257116,0 days 00:00:02.450609,0.6494102290535726,3.332731522129282,0.04222224944617583,9,70,0.2968571259088129,4.967247078459415,0.827493322934283,0.4751901149749756,0.010546445846557617,0.7688547617675763,0.7645685820350702,0.774873029335141,0.7738419022358756,0.7620266699428334,0.7689636252889616,0.019247877595235836,0.0018448165838229826,0.005021894871422639,"[0.7645685820350702, 0.774873029335141, 0.7738419022358756, 0.7620266699428334, 0.7689636252889616]","{""colsample_bytree"": 0.6494102290535726, ""gamma"": 3.332731522129282, ""learning_rate"": 0.04222224944617583, ""max_depth"": 9, ""n_estimators"": 70, ""reg_alpha"": 0.2968571259088129, ""reg_lambda"": 4.967247078459415, ""subsample"": 0.827493322934283}",COMPLETE
27,0.7679651297761296,2026-09-20 02:29:02.259138,2026-09-20 02:29:04.202044,0 days 00:00:01.942906,0.7170802784823869,4.200796173517656,0.12483945582133052,10,71,0.5195185526024665,4.919813904545551,0.903841324819526,0.3759763717651367,0.00944066047668457,0.7679651297761296,0.7593319546033594,0.7700286953774989,0.7739617216979748,0.7649084251493325,0.771594852052482,0.011878627684465294,0.000715604585771341,0.005239607966460093,"[0.7593319546033594, 0.7700286953774989, 0.7739617216979748, 0.7649084251493325, 0.771594852052482]","{""colsample_bytree"": 0.7170802784823869, ""gamma"": 4.200796173517656, ""learning_rate"": 0.12483945582133052, ""max_depth"": 10, ""n_estimators"": 71, ""reg_alpha"": 0.5195185526024665, ""reg_lambda"": 4.919813904545551, ""subsample"": 0.903841324819526}",COMPLETE
28,0.7718205918487333,2026-09-20 02:29:04.203562,2026-09-20 02:29:06.285059,0 days 00:00:02.081497,0.6634745088511544,3.925272368899524,0.0632997348393926,7,75,0.11132491728663596,3.3929444180199297,0.8392147519013871,0.40189399719238283,0.010716533660888672,0.7718205918487333,0.767909932374311,0.7796004231859788,0.7724378702670224,0.768192752437696,0.7709619809786581,0.009576945632315967,0.0007026639842756485,0.004244961654127097,"[0.767909932374311, 0.7796004231859788, 0.7724378702670224, 0.768192752437696, 0.7709619809786581]","{""colsample_bytree"": 0.6634745088511544, ""gamma"": 3.925272368899524, ""learning_rate"": 0.0632997348393926, ""max_depth"": 7, ""n_estimators"": 75, ""reg_alpha"": 0.11132491728663596, ""reg_lambda"": 3.3929444180199297, ""subsample"": 0.8392147519013871}",COMPLETE
